<?xml version="1.0" encoding="UTF-8"?>
<!-- Generated by org.testng.reporters.JUnitXMLReporter -->
<testsuite ignored="0" hostname="D-113202868" failures="0" tests="2" name="Default test" time="88.32" errors="0" timestamp="04 Mar 2020 05:24:43 GMT">
  <testcase classname="com.sunpharma.testcases.AmazonSunPharmaTests" name="RegistrationTest" time="3.85"/>
  <testcase classname="com.sunpharma.testcases.AmazonSunPharmaTests" name="LoginBuyItemsTest" time="34.383"/>
</testsuite> <!-- Default test -->
